# JRE version: OpenJDK Runtime Environment Temurin-21.0.7+6 (21.0.7+6) (build 21.0.7+6-LTS)
# Java VM: OpenJDK 64-Bit Server VM Temurin-21.0.7+6 (21.0.7+6-LTS, mixed mode, sharing, tiered, compressed oops, compressed class ptrs, parallel gc, windows-amd64)
GC Precious Log:
 CardTable entry size: 512
 CPUs: 16 total, 16 available
 Memory: 32558M
 Large Page Support: Disabled
 NUMA Support: Disabled
 Compressed Oops: Enabled (32-bit)
 Alignments: Space 512K, Generation 512K, Heap 2M
 Heap Min Capacity: 100M
 Heap Initial Capacity: 100M
 Heap Max Capacity: 1G
 Pre-touch: Disabled
 Parallel Workers: 13
Heap:
 PSYoungGen      total 26112K, used 23938K [0x00000000eab00000, 0x00000000ecb80000, 0x0000000100000000)
  eden space 22016K, 90% used [0x00000000eab00000,0x00000000ebe73890,0x00000000ec080000)
  from space 4096K, 98% used [0x00000000ec780000,0x00000000ecb6d360,0x00000000ecb80000)
  to   space 5120K, 0% used [0x00000000ec180000,0x00000000ec180000,0x00000000ec680000)
 ParOldGen       total 68608K, used 46553K [0x00000000c0000000, 0x00000000c4300000, 0x00000000eab00000)
  object space 68608K, 67% used [0x00000000c0000000,0x00000000c2d76520,0x00000000c4300000)
 Metaspace       used 43520K, committed 44800K, reserved 1114112K
  class space    used 4491K, committed 5056K, reserved 1048576K
GC Heap History (20 events):
Event: 5.969 GC heap before
{Heap before GC invocations=19 (full 2):
 PSYoungGen      total 24064K, used 1584K [0x00000000eab00000, 0x00000000ec600000, 0x0000000100000000)
  eden space 22016K, 0% used [0x00000000eab00000,0x00000000eab00000,0x00000000ec080000)
  from space 2048K, 77% used [0x00000000ec100000,0x00000000ec28c010,0x00000000ec300000)
  to   space 2560K, 0% used [0x00000000ec380000,0x00000000ec380000,0x00000000ec600000)
 ParOldGen       total 68608K, used 27504K [0x00000000c0000000, 0x00000000c4300000, 0x00000000eab00000)
  object space 68608K, 40% used [0x00000000c0000000,0x00000000c1adc238,0x00000000c4300000)
 Metaspace       used 34726K, committed 35840K, reserved 1114112K
  class space    used 3370K, committed 3904K, reserved 1048576K
}
Event: 5.995 GC heap after
{Heap after GC invocations=19 (full 2):
 PSYoungGen      total 24064K, used 0K [0x00000000eab00000, 0x00000000ec600000, 0x0000000100000000)
  eden space 22016K, 0% used [0x00000000eab00000,0x00000000eab00000,0x00000000ec080000)
  from space 2048K, 0% used [0x00000000ec100000,0x00000000ec100000,0x00000000ec300000)
  to   space 2560K, 0% used [0x00000000ec380000,0x00000000ec380000,0x00000000ec600000)
 ParOldGen       total 68608K, used 27429K [0x00000000c0000000, 0x00000000c4300000, 0x00000000eab00000)
  object space 68608K, 39% used [0x00000000c0000000,0x00000000c1ac96f0,0x00000000c4300000)
 Metaspace       used 34726K, committed 35840K, reserved 1114112K
  class space    used 3370K, committed 3904K, reserved 1048576K
}
Event: 6.022 GC heap before
{Heap before GC invocations=20 (full 2):
 PSYoungGen      total 24064K, used 22016K [0x00000000eab00000, 0x00000000ec600000, 0x0000000100000000)
  eden space 22016K, 100% used [0x00000000eab00000,0x00000000ec080000,0x00000000ec080000)
  from space 2048K, 0% used [0x00000000ec100000,0x00000000ec100000,0x00000000ec300000)
  to   space 2560K, 0% used [0x00000000ec380000,0x00000000ec380000,0x00000000ec600000)
 ParOldGen       total 68608K, used 27429K [0x00000000c0000000, 0x00000000c4300000, 0x00000000eab00000)
  object space 68608K, 39% used [0x00000000c0000000,0x00000000c1ac96f0,0x00000000c4300000)
 Metaspace       used 35115K, committed 36224K, reserved 1114112K
  class space    used 3426K, committed 3904K, reserved 1048576K
}
Event: 6.024 GC heap after
{Heap after GC invocations=20 (full 2):
 PSYoungGen      total 24576K, used 2496K [0x00000000eab00000, 0x00000000ec680000, 0x0000000100000000)
  eden space 22016K, 0% used [0x00000000eab00000,0x00000000eab00000,0x00000000ec080000)
  from space 2560K, 97% used [0x00000000ec380000,0x00000000ec5f0010,0x00000000ec600000)
  to   space 3072K, 0% used [0x00000000ec080000,0x00000000ec080000,0x00000000ec380000)
 ParOldGen       total 68608K, used 27437K [0x00000000c0000000, 0x00000000c4300000, 0x00000000eab00000)
  object space 68608K, 39% used [0x00000000c0000000,0x00000000c1acb6f0,0x00000000c4300000)
 Metaspace       used 35115K, committed 36224K, reserved 1114112K
  class space    used 3426K, committed 3904K, reserved 1048576K
}
Event: 6.056 GC heap before
{Heap before GC invocations=21 (full 2):
 PSYoungGen      total 24576K, used 24512K [0x00000000eab00000, 0x00000000ec680000, 0x0000000100000000)
  eden space 22016K, 100% used [0x00000000eab00000,0x00000000ec080000,0x00000000ec080000)
  from space 2560K, 97% used [0x00000000ec380000,0x00000000ec5f0010,0x00000000ec600000)
  to   space 3072K, 0% used [0x00000000ec080000,0x00000000ec080000,0x00000000ec380000)
 ParOldGen       total 68608K, used 27437K [0x00000000c0000000, 0x00000000c4300000, 0x00000000eab00000)
  object space 68608K, 39% used [0x00000000c0000000,0x00000000c1acb6f0,0x00000000c4300000)
 Metaspace       used 35660K, committed 36800K, reserved 1114112K
  class space    used 3502K, committed 3968K, reserved 1048576K
}
Event: 6.058 GC heap after
{Heap after GC invocations=21 (full 2):
 PSYoungGen      total 25088K, used 2848K [0x00000000eab00000, 0x00000000ec680000, 0x0000000100000000)
  eden space 22016K, 0% used [0x00000000eab00000,0x00000000eab00000,0x00000000ec080000)
  from space 3072K, 92% used [0x00000000ec080000,0x00000000ec348000,0x00000000ec380000)
  to   space 3072K, 0% used [0x00000000ec380000,0x00000000ec380000,0x00000000ec680000)
 ParOldGen       total 68608K, used 29749K [0x00000000c0000000, 0x00000000c4300000, 0x00000000eab00000)
  object space 68608K, 43% used [0x00000000c0000000,0x00000000c1d0d700,0x00000000c4300000)
 Metaspace       used 35660K, committed 36800K, reserved 1114112K
  class space    used 3502K, committed 3968K, reserved 1048576K
}
Event: 6.091 GC heap before
{Heap before GC invocations=22 (full 2):
 PSYoungGen      total 25088K, used 24864K [0x00000000eab00000, 0x00000000ec680000, 0x0000000100000000)
  eden space 22016K, 100% used [0x00000000eab00000,0x00000000ec080000,0x00000000ec080000)
  from space 3072K, 92% used [0x00000000ec080000,0x00000000ec348000,0x00000000ec380000)
  to   space 3072K, 0% used [0x00000000ec380000,0x00000000ec380000,0x00000000ec680000)
 ParOldGen       total 68608K, used 29749K [0x00000000c0000000, 0x00000000c4300000, 0x00000000eab00000)
  object space 68608K, 43% used [0x00000000c0000000,0x00000000c1d0d700,0x00000000c4300000)
 Metaspace       used 36217K, committed 37312K, reserved 1114112K
  class space    used 3583K, committed 4096K, reserved 1048576K
}
Event: 6.093 GC heap after
{Heap after GC invocations=22 (full 2):
 PSYoungGen      total 24576K, used 2344K [0x00000000eab00000, 0x00000000ec600000, 0x0000000100000000)
  eden space 22016K, 0% used [0x00000000eab00000,0x00000000eab00000,0x00000000ec080000)
  from space 2560K, 91% used [0x00000000ec380000,0x00000000ec5ca000,0x00000000ec600000)
  to   space 2560K, 0% used [0x00000000ec100000,0x00000000ec100000,0x00000000ec380000)
 ParOldGen       total 68608K, used 32430K [0x00000000c0000000, 0x00000000c4300000, 0x00000000eab00000)
  object space 68608K, 47% used [0x00000000c0000000,0x00000000c1fab900,0x00000000c4300000)
 Metaspace       used 36217K, committed 37312K, reserved 1114112K
  class space    used 3583K, committed 4096K, reserved 1048576K
}
Event: 6.160 GC heap before
{Heap before GC invocations=23 (full 2):
 PSYoungGen      total 24576K, used 24360K [0x00000000eab00000, 0x00000000ec600000, 0x0000000100000000)
  eden space 22016K, 100% used [0x00000000eab00000,0x00000000ec080000,0x00000000ec080000)
  from space 2560K, 91% used [0x00000000ec380000,0x00000000ec5ca000,0x00000000ec600000)
  to   space 2560K, 0% used [0x00000000ec100000,0x00000000ec100000,0x00000000ec380000)
 ParOldGen       total 68608K, used 32430K [0x00000000c0000000, 0x00000000c4300000, 0x00000000eab00000)
  object space 68608K, 47% used [0x00000000c0000000,0x00000000c1fab900,0x00000000c4300000)
 Metaspace       used 37272K, committed 38400K, reserved 1114112K
  class space    used 3710K, committed 4224K, reserved 1048576K
}
Event: 6.162 GC heap after
{Heap after GC invocations=23 (full 2):
 PSYoungGen      total 24576K, used 2413K [0x00000000eab00000, 0x00000000ec580000, 0x0000000100000000)
  eden space 22016K, 0% used [0x00000000eab00000,0x00000000eab00000,0x00000000ec080000)
  from space 2560K, 94% used [0x00000000ec100000,0x00000000ec35b510,0x00000000ec380000)
  to   space 2048K, 0% used [0x00000000ec380000,0x00000000ec380000,0x00000000ec580000)
 ParOldGen       total 68608K, used 34550K [0x00000000c0000000, 0x00000000c4300000, 0x00000000eab00000)
  object space 68608K, 50% used [0x00000000c0000000,0x00000000c21bd900,0x00000000c4300000)
 Metaspace       used 37272K, committed 38400K, reserved 1114112K
  class space    used 3710K, committed 4224K, reserved 1048576K
}
Event: 6.323 GC heap before
{Heap before GC invocations=24 (full 2):
 PSYoungGen      total 24576K, used 24420K [0x00000000eab00000, 0x00000000ec580000, 0x0000000100000000)
  eden space 22016K, 99% used [0x00000000eab00000,0x00000000ec07dca8,0x00000000ec080000)
  from space 2560K, 94% used [0x00000000ec100000,0x00000000ec35b510,0x00000000ec380000)
  to   space 2048K, 0% used [0x00000000ec380000,0x00000000ec380000,0x00000000ec580000)
 ParOldGen       total 68608K, used 34550K [0x00000000c0000000, 0x00000000c4300000, 0x00000000eab00000)
  object space 68608K, 50% used [0x00000000c0000000,0x00000000c21bd900,0x00000000c4300000)
 Metaspace       used 39920K, committed 41152K, reserved 1114112K
  class space    used 4046K, committed 4608K, reserved 1048576K
}
Event: 6.325 GC heap after
{Heap after GC invocations=24 (full 2):
 PSYoungGen      total 24064K, used 1694K [0x00000000eab00000, 0x00000000ec580000, 0x0000000100000000)
  eden space 22016K, 0% used [0x00000000eab00000,0x00000000eab00000,0x00000000ec080000)
  from space 2048K, 82% used [0x00000000ec380000,0x00000000ec527ab8,0x00000000ec580000)
  to   space 2048K, 0% used [0x00000000ec180000,0x00000000ec180000,0x00000000ec380000)
 ParOldGen       total 68608K, used 36688K [0x00000000c0000000, 0x00000000c4300000, 0x00000000eab00000)
  object space 68608K, 53% used [0x00000000c0000000,0x00000000c23d4168,0x00000000c4300000)
 Metaspace       used 39920K, committed 41152K, reserved 1114112K
  class space    used 4046K, committed 4608K, reserved 1048576K
}
Event: 6.494 GC heap before
{Heap before GC invocations=25 (full 2):
 PSYoungGen      total 24064K, used 23710K [0x00000000eab00000, 0x00000000ec580000, 0x0000000100000000)
  eden space 22016K, 100% used [0x00000000eab00000,0x00000000ec080000,0x00000000ec080000)
  from space 2048K, 82% used [0x00000000ec380000,0x00000000ec527ab8,0x00000000ec580000)
  to   space 2048K, 0% used [0x00000000ec180000,0x00000000ec180000,0x00000000ec380000)
 ParOldGen       total 68608K, used 36688K [0x00000000c0000000, 0x00000000c4300000, 0x00000000eab00000)
  object space 68608K, 53% used [0x00000000c0000000,0x00000000c23d4168,0x00000000c4300000)
 Metaspace       used 40799K, committed 42112K, reserved 1114112K
  class space    used 4138K, committed 4736K, reserved 1048576K
}
Event: 6.496 GC heap after
{Heap after GC invocations=25 (full 2):
 PSYoungGen      total 24064K, used 2047K [0x00000000eab00000, 0x00000000ec880000, 0x0000000100000000)
  eden space 22016K, 0% used [0x00000000eab00000,0x00000000eab00000,0x00000000ec080000)
  from space 2048K, 99% used [0x00000000ec180000,0x00000000ec37fdc0,0x00000000ec380000)
  to   space 4096K, 0% used [0x00000000ec480000,0x00000000ec480000,0x00000000ec880000)
 ParOldGen       total 68608K, used 38228K [0x00000000c0000000, 0x00000000c4300000, 0x00000000eab00000)
  object space 68608K, 55% used [0x00000000c0000000,0x00000000c2555098,0x00000000c4300000)
 Metaspace       used 40799K, committed 42112K, reserved 1114112K
  class space    used 4138K, committed 4736K, reserved 1048576K
}
Event: 6.598 GC heap before
{Heap before GC invocations=26 (full 2):
 PSYoungGen      total 24064K, used 24063K [0x00000000eab00000, 0x00000000ec880000, 0x0000000100000000)
  eden space 22016K, 100% used [0x00000000eab00000,0x00000000ec080000,0x00000000ec080000)
  from space 2048K, 99% used [0x00000000ec180000,0x00000000ec37fdc0,0x00000000ec380000)
  to   space 4096K, 0% used [0x00000000ec480000,0x00000000ec480000,0x00000000ec880000)
 ParOldGen       total 68608K, used 38228K [0x00000000c0000000, 0x00000000c4300000, 0x00000000eab00000)
  object space 68608K, 55% used [0x00000000c0000000,0x00000000c2555098,0x00000000c4300000)
 Metaspace       used 41624K, committed 42880K, reserved 1114112K
  class space    used 4242K, committed 4800K, reserved 1048576K
}
Event: 6.599 GC heap after
{Heap after GC invocations=26 (full 2):
 PSYoungGen      total 25600K, used 3115K [0x00000000eab00000, 0x00000000ec800000, 0x0000000100000000)
  eden space 22016K, 0% used [0x00000000eab00000,0x00000000eab00000,0x00000000ec080000)
  from space 3584K, 86% used [0x00000000ec480000,0x00000000ec78aee8,0x00000000ec800000)
  to   space 3584K, 0% used [0x00000000ec100000,0x00000000ec100000,0x00000000ec480000)
 ParOldGen       total 68608K, used 40185K [0x00000000c0000000, 0x00000000c4300000, 0x00000000eab00000)
  object space 68608K, 58% used [0x00000000c0000000,0x00000000c273e418,0x00000000c4300000)
 Metaspace       used 41624K, committed 42880K, reserved 1114112K
  class space    used 4242K, committed 4800K, reserved 1048576K
}
Event: 6.687 GC heap before
{Heap before GC invocations=27 (full 2):
 PSYoungGen      total 25600K, used 25131K [0x00000000eab00000, 0x00000000ec800000, 0x0000000100000000)
  eden space 22016K, 100% used [0x00000000eab00000,0x00000000ec080000,0x00000000ec080000)
  from space 3584K, 86% used [0x00000000ec480000,0x00000000ec78aee8,0x00000000ec800000)
  to   space 3584K, 0% used [0x00000000ec100000,0x00000000ec100000,0x00000000ec480000)
 ParOldGen       total 68608K, used 40185K [0x00000000c0000000, 0x00000000c4300000, 0x00000000eab00000)
  object space 68608K, 58% used [0x00000000c0000000,0x00000000c273e418,0x00000000c4300000)
 Metaspace       used 42417K, committed 43712K, reserved 1114112K
  class space    used 4333K, committed 4928K, reserved 1048576K
}
Event: 6.689 GC heap after
{Heap after GC invocations=27 (full 2):
 PSYoungGen      total 25600K, used 3580K [0x00000000eab00000, 0x00000000ece80000, 0x0000000100000000)
  eden space 22016K, 0% used [0x00000000eab00000,0x00000000eab00000,0x00000000ec080000)
  from space 3584K, 99% used [0x00000000ec100000,0x00000000ec47f238,0x00000000ec480000)
  to   space 7168K, 0% used [0x00000000ec780000,0x00000000ec780000,0x00000000ece80000)
 ParOldGen       total 68608K, used 43172K [0x00000000c0000000, 0x00000000c4300000, 0x00000000eab00000)
  object space 68608K, 62% used [0x00000000c0000000,0x00000000c2a292d0,0x00000000c4300000)
 Metaspace       used 42417K, committed 43712K, reserved 1114112K
  class space    used 4333K, committed 4928K, reserved 1048576K
}
Event: 6.759 GC heap before
{Heap before GC invocations=28 (full 2):
 PSYoungGen      total 25600K, used 25596K [0x00000000eab00000, 0x00000000ece80000, 0x0000000100000000)
  eden space 22016K, 100% used [0x00000000eab00000,0x00000000ec080000,0x00000000ec080000)
  from space 3584K, 99% used [0x00000000ec100000,0x00000000ec47f238,0x00000000ec480000)
  to   space 7168K, 0% used [0x00000000ec780000,0x00000000ec780000,0x00000000ece80000)
 ParOldGen       total 68608K, used 43172K [0x00000000c0000000, 0x00000000c4300000, 0x00000000eab00000)
  object space 68608K, 62% used [0x00000000c0000000,0x00000000c2a292d0,0x00000000c4300000)
 Metaspace       used 43016K, committed 44352K, reserved 1114112K
  class space    used 4417K, committed 4992K, reserved 1048576K
}
Event: 6.760 GC heap after
{Heap after GC invocations=28 (full 2):
 PSYoungGen      total 26112K, used 4020K [0x00000000eab00000, 0x00000000ecb80000, 0x0000000100000000)
  eden space 22016K, 0% used [0x00000000eab00000,0x00000000eab00000,0x00000000ec080000)
  from space 4096K, 98% used [0x00000000ec780000,0x00000000ecb6d360,0x00000000ecb80000)
  to   space 5120K, 0% used [0x00000000ec180000,0x00000000ec180000,0x00000000ec680000)
 ParOldGen       total 68608K, used 46553K [0x00000000c0000000, 0x00000000c4300000, 0x00000000eab00000)
  object space 68608K, 67% used [0x00000000c0000000,0x00000000c2d76520,0x00000000c4300000)
 Metaspace       used 43016K, committed 44352K, reserved 1114112K
  class space    used 4417K, committed 4992K, reserved 1048576K
}

